
Showing logs for build [32mcb-kubecd-environment-pr-206-37-g696d-1[0m stage [32mfrom-build-pack[0m and container [32mstep-credential-initializer-2p68j[0m
{"level":"info","ts":1587549017.3689907,"logger":"fallback-logger","caller":"logging/config.go:69","msg":"Fetch GitHub commit ID from kodata failed: open /var/run/ko/refs/heads/0.8.0-ns-support: no such file or directory"}
{"level":"info","ts":1587549017.371629,"logger":"fallback-logger","caller":"creds-init/main.go:40","msg":"Credentials initialized."}

Showing logs for build [32mcb-kubecd-environment-pr-206-37-g696d-1[0m stage [32mfrom-build-pack[0m and container [32mstep-working-dir-initializer-jq5gp[0m
{"level":"info","ts":1587549018.8010905,"logger":"fallback-logger","caller":"logging/config.go:69","msg":"Fetch GitHub commit ID from kodata failed: open /var/run/ko/HEAD: no such file or directory"}
{"level":"info","ts":1587549018.8027408,"logger":"fallback-logger","caller":"bash/main.go:64","msg":"Successfully executed command \"sh -c mkdir -p /workspace/source\"; output "}

Showing logs for build [32mcb-kubecd-environment-pr-206-37-g696d-1[0m stage [32mfrom-build-pack[0m and container [32mstep-place-tools[0m

Showing logs for build [32mcb-kubecd-environment-pr-206-37-g696d-1[0m stage [32mfrom-build-pack[0m and container [32mstep-git-source-cb-kubecd-environment-pr-206-37-g696d-vp2d6[0m
{"level":"info","ts":1587549021.900332,"logger":"fallback-logger","caller":"logging/config.go:69","msg":"Fetch GitHub commit ID from kodata failed: open /var/run/ko/refs/heads/0.8.0-ns-support: no such file or directory"}
{"level":"info","ts":1587549022.9648106,"logger":"fallback-logger","caller":"git/git.go:103","msg":"Successfully cloned https://github.com/cb-kubecd/environment-pr-206-37-boot-gke-staging.git @ master in path /workspace/source"}

Showing logs for build [32mcb-kubecd-environment-pr-206-37-g696d-1[0m stage [32mfrom-build-pack[0m and container [32mstep-git-merge[0m
Using SHAs from PULL_REFS=master:58d5023f5352b5ee7ab87cc621b2b1877e1fa18c,7:501558273621ac3e4df9dfbc3ea414a76b837108
DEBUG: JX_LOG_LEVEL=error LC_ALL=C git fetch origin --unshallow 501558273621ac3e4df9dfbc3ea414a76b837108: 58d5023f5352b5ee7ab87cc621b2b1877e1fa18c:
DEBUG: ran git fetch --unshallow origin 501558273621ac3e4df9dfbc3ea414a76b837108: 58d5023f5352b5ee7ab87cc621b2b1877e1fa18c: in 
DEBUG: LC_ALL=C JX_LOG_LEVEL=error git branch
DEBUG: LC_ALL=C JX_LOG_LEVEL=error git checkout master
DEBUG: ran git checkout master in 
DEBUG: JX_LOG_LEVEL=error LC_ALL=C git reset --hard 58d5023f5352b5ee7ab87cc621b2b1877e1fa18c
DEBUG: ran git reset --hard 58d5023f5352b5ee7ab87cc621b2b1877e1fa18c in 
DEBUG: JX_LOG_LEVEL=error LC_ALL=C git clean -fd .
DEBUG: ran clean --force -d . in 
DEBUG: LC_ALL=C JX_LOG_LEVEL=error git merge 501558273621ac3e4df9dfbc3ea414a76b837108
DEBUG: ran git merge 501558273621ac3e4df9dfbc3ea414a76b837108 in 
DEBUG: LC_ALL=C JX_LOG_LEVEL=error git log --format=%H%x1f%an%x1f%ae%x1f%cn%x1f%ce%x1f%s%n%b%x1e 58d5023f5352b5ee7ab87cc621b2b1877e1fa18c..HEAD
Merged SHA 501558273621ac3e4df9dfbc3ea414a76b837108 with commit message 'chore: Promote bdd-nh-import-1587547638 to version 0.0.1' into base branch master

Showing logs for build [32mcb-kubecd-environment-pr-206-37-g696d-1[0m stage [32mfrom-build-pack[0m and container [32mstep-build-helm-build[0m
WARNING: No $CHART_REPOSITORY defined so using the default value of: http://jenkins-x-chartmuseum:8080
Adding missing Helm repo: storage.googleapis.com https://storage.googleapis.com/chartmuseum.jenkins-x.io
WARNING: No secrets found on "helm/repos" due: reading the secret "helm/repos" from vault: no secret "helm/repos" not found in vault
Read credentials for https://storage.googleapis.com/chartmuseum.jenkins-x.io from vault helm/repos
Successfully added Helm repository storage.googleapis.com.
Adding missing Helm repo: jenkins-x-chartmuseum http://jenkins-x-chartmuseum:8080
WARNING: No secrets found on "helm/repos" due: reading the secret "helm/repos" from vault: no secret "helm/repos" not found in vault
Read credentials for http://jenkins-x-chartmuseum:8080 from vault helm/repos
Successfully added Helm repository jenkins-x-chartmuseum.
WARNING: No $CHART_REPOSITORY defined so using the default value of: http://jenkins-x-chartmuseum:8080
Adding missing Helm repo: chartmuseum.jenkins-x.io http://chartmuseum.jenkins-x.io
WARNING: No secrets found on "helm/repos" due: reading the secret "helm/repos" from vault: no secret "helm/repos" not found in vault
Read credentials for http://chartmuseum.jenkins-x.io from vault helm/repos
Successfully added Helm repository chartmuseum.jenkins-x.io.
