
Showing logs for build [32mcb-kubecd-environment-pr-206-37-q58vt-1[0m stage [32mfrom-build-pack[0m and container [32mstep-credential-initializer-xgblj[0m
{"level":"info","ts":1587545746.4234035,"logger":"fallback-logger","caller":"logging/config.go:69","msg":"Fetch GitHub commit ID from kodata failed: open /var/run/ko/refs/heads/0.8.0-ns-support: no such file or directory"}
{"level":"info","ts":1587545746.4290974,"logger":"fallback-logger","caller":"creds-init/main.go:40","msg":"Credentials initialized."}

Showing logs for build [32mcb-kubecd-environment-pr-206-37-q58vt-1[0m stage [32mfrom-build-pack[0m and container [32mstep-working-dir-initializer-zmcgq[0m
{"level":"info","ts":1587545747.9024494,"logger":"fallback-logger","caller":"logging/config.go:69","msg":"Fetch GitHub commit ID from kodata failed: open /var/run/ko/HEAD: no such file or directory"}
{"level":"info","ts":1587545747.9040723,"logger":"fallback-logger","caller":"bash/main.go:64","msg":"Successfully executed command \"sh -c mkdir -p /workspace/source\"; output "}

Showing logs for build [32mcb-kubecd-environment-pr-206-37-q58vt-1[0m stage [32mfrom-build-pack[0m and container [32mstep-place-tools[0m

Showing logs for build [32mcb-kubecd-environment-pr-206-37-q58vt-1[0m stage [32mfrom-build-pack[0m and container [32mstep-git-source-cb-kubecd-environment-pr-206-37-q58vt-lnh8t[0m
{"level":"info","ts":1587545752.1872191,"logger":"fallback-logger","caller":"logging/config.go:69","msg":"Fetch GitHub commit ID from kodata failed: open /var/run/ko/refs/heads/0.8.0-ns-support: no such file or directory"}
{"level":"info","ts":1587545753.3481207,"logger":"fallback-logger","caller":"git/git.go:103","msg":"Successfully cloned https://github.com/cb-kubecd/environment-pr-206-37-boot-gke-staging.git @ master in path /workspace/source"}

Showing logs for build [32mcb-kubecd-environment-pr-206-37-q58vt-1[0m stage [32mfrom-build-pack[0m and container [32mstep-git-merge[0m
Using SHAs from PULL_REFS=master:f0e264e9508e2cfa3bc0d447e0ea5b04421224cb,2:b3ab3b747cb3d5fad67a5007b3b6b51e65bcfb6b
DEBUG: LC_ALL=C JX_LOG_LEVEL=error git fetch origin --unshallow b3ab3b747cb3d5fad67a5007b3b6b51e65bcfb6b: f0e264e9508e2cfa3bc0d447e0ea5b04421224cb:
DEBUG: ran git fetch --unshallow origin b3ab3b747cb3d5fad67a5007b3b6b51e65bcfb6b: f0e264e9508e2cfa3bc0d447e0ea5b04421224cb: in 
DEBUG: LC_ALL=C JX_LOG_LEVEL=error git branch
DEBUG: LC_ALL=C JX_LOG_LEVEL=error git checkout master
DEBUG: ran git checkout master in 
DEBUG: LC_ALL=C JX_LOG_LEVEL=error git reset --hard f0e264e9508e2cfa3bc0d447e0ea5b04421224cb
DEBUG: ran git reset --hard f0e264e9508e2cfa3bc0d447e0ea5b04421224cb in 
DEBUG: LC_ALL=C JX_LOG_LEVEL=error git clean -fd .
DEBUG: ran clean --force -d . in 
DEBUG: LC_ALL=C JX_LOG_LEVEL=error git merge b3ab3b747cb3d5fad67a5007b3b6b51e65bcfb6b
DEBUG: ran git merge b3ab3b747cb3d5fad67a5007b3b6b51e65bcfb6b in 
DEBUG: LC_ALL=C JX_LOG_LEVEL=error git log --format=%H%x1f%an%x1f%ae%x1f%cn%x1f%ce%x1f%s%n%b%x1e f0e264e9508e2cfa3bc0d447e0ea5b04421224cb..HEAD
Merged SHA b3ab3b747cb3d5fad67a5007b3b6b51e65bcfb6b with commit message 'chore: Promote bdd-sbhg-1587545302 to version 0.0.1' into base branch master

Showing logs for build [32mcb-kubecd-environment-pr-206-37-q58vt-1[0m stage [32mfrom-build-pack[0m and container [32mstep-build-helm-build[0m
WARNING: No $CHART_REPOSITORY defined so using the default value of: http://jenkins-x-chartmuseum:8080
Adding missing Helm repo: storage.googleapis.com https://storage.googleapis.com/chartmuseum.jenkins-x.io
WARNING: No secrets found on "helm/repos" due: reading the secret "helm/repos" from vault: no secret "helm/repos" not found in vault
Read credentials for https://storage.googleapis.com/chartmuseum.jenkins-x.io from vault helm/repos
Successfully added Helm repository storage.googleapis.com.
Adding missing Helm repo: jenkins-x-chartmuseum http://jenkins-x-chartmuseum:8080
WARNING: No secrets found on "helm/repos" due: reading the secret "helm/repos" from vault: no secret "helm/repos" not found in vault
Read credentials for http://jenkins-x-chartmuseum:8080 from vault helm/repos
Successfully added Helm repository jenkins-x-chartmuseum.
WARNING: No $CHART_REPOSITORY defined so using the default value of: http://jenkins-x-chartmuseum:8080
Adding missing Helm repo: chartmuseum.jenkins-x.io http://chartmuseum.jenkins-x.io
WARNING: No secrets found on "helm/repos" due: reading the secret "helm/repos" from vault: no secret "helm/repos" not found in vault
Read credentials for http://chartmuseum.jenkins-x.io from vault helm/repos
Successfully added Helm repository chartmuseum.jenkins-x.io.
