
Showing logs for build [32mcb-kubecd-environment-pr-206-37-26kxk-1[0m stage [32mfrom-build-pack[0m and container [32mstep-credential-initializer-2h227[0m
{"level":"info","ts":1587549601.4777555,"logger":"fallback-logger","caller":"logging/config.go:69","msg":"Fetch GitHub commit ID from kodata failed: open /var/run/ko/refs/heads/0.8.0-ns-support: no such file or directory"}
{"level":"info","ts":1587549601.4786847,"logger":"fallback-logger","caller":"creds-init/main.go:40","msg":"Credentials initialized."}

Showing logs for build [32mcb-kubecd-environment-pr-206-37-26kxk-1[0m stage [32mfrom-build-pack[0m and container [32mstep-working-dir-initializer-hf4nt[0m
{"level":"info","ts":1587549602.5378675,"logger":"fallback-logger","caller":"logging/config.go:69","msg":"Fetch GitHub commit ID from kodata failed: open /var/run/ko/HEAD: no such file or directory"}
{"level":"info","ts":1587549602.5401201,"logger":"fallback-logger","caller":"bash/main.go:64","msg":"Successfully executed command \"sh -c mkdir -p /workspace/source\"; output "}

Showing logs for build [32mcb-kubecd-environment-pr-206-37-26kxk-1[0m stage [32mfrom-build-pack[0m and container [32mstep-place-tools[0m

Showing logs for build [32mcb-kubecd-environment-pr-206-37-26kxk-1[0m stage [32mfrom-build-pack[0m and container [32mstep-git-source-cb-kubecd-environment-pr-206-37-26kxk-mcnql[0m
{"level":"info","ts":1587549608.7860906,"logger":"fallback-logger","caller":"logging/config.go:69","msg":"Fetch GitHub commit ID from kodata failed: open /var/run/ko/refs/heads/0.8.0-ns-support: no such file or directory"}
{"level":"info","ts":1587549609.9011042,"logger":"fallback-logger","caller":"git/git.go:103","msg":"Successfully cloned https://github.com/cb-kubecd/environment-pr-206-37-boot-gke-staging.git @ master in path /workspace/source"}

Showing logs for build [32mcb-kubecd-environment-pr-206-37-26kxk-1[0m stage [32mfrom-build-pack[0m and container [32mstep-git-merge[0m
Using SHAs from PULL_REFS=master:e4e34b8a32cfe8e530ec85eb8e55702c56e9e22d,8:6cbc373e5a50d293ae85b4934f655000e6eb8321
DEBUG: LC_ALL=C JX_LOG_LEVEL=error git fetch origin --unshallow 6cbc373e5a50d293ae85b4934f655000e6eb8321: e4e34b8a32cfe8e530ec85eb8e55702c56e9e22d:
DEBUG: ran git fetch --unshallow origin 6cbc373e5a50d293ae85b4934f655000e6eb8321: e4e34b8a32cfe8e530ec85eb8e55702c56e9e22d: in 
DEBUG: LC_ALL=C JX_LOG_LEVEL=error git branch
DEBUG: LC_ALL=C JX_LOG_LEVEL=error git checkout master
DEBUG: ran git checkout master in 
DEBUG: LC_ALL=C JX_LOG_LEVEL=error git reset --hard e4e34b8a32cfe8e530ec85eb8e55702c56e9e22d
DEBUG: ran git reset --hard e4e34b8a32cfe8e530ec85eb8e55702c56e9e22d in 
DEBUG: LC_ALL=C JX_LOG_LEVEL=error git clean -fd .
DEBUG: ran clean --force -d . in 
DEBUG: LC_ALL=C JX_LOG_LEVEL=error git merge 6cbc373e5a50d293ae85b4934f655000e6eb8321
DEBUG: ran git merge 6cbc373e5a50d293ae85b4934f655000e6eb8321 in 
DEBUG: JX_LOG_LEVEL=error LC_ALL=C git log --format=%H%x1f%an%x1f%ae%x1f%cn%x1f%ce%x1f%s%n%b%x1e e4e34b8a32cfe8e530ec85eb8e55702c56e9e22d..HEAD
Merged SHA 6cbc373e5a50d293ae85b4934f655000e6eb8321 with commit message 'chore: Promote bdd-sbhg-import-1587547638 to version 0.0.1' into base branch master

Showing logs for build [32mcb-kubecd-environment-pr-206-37-26kxk-1[0m stage [32mfrom-build-pack[0m and container [32mstep-build-helm-build[0m
WARNING: No $CHART_REPOSITORY defined so using the default value of: http://jenkins-x-chartmuseum:8080
Adding missing Helm repo: storage.googleapis.com https://storage.googleapis.com/chartmuseum.jenkins-x.io
WARNING: No secrets found on "helm/repos" due: reading the secret "helm/repos" from vault: no secret "helm/repos" not found in vault
Read credentials for https://storage.googleapis.com/chartmuseum.jenkins-x.io from vault helm/repos
Successfully added Helm repository storage.googleapis.com.
Adding missing Helm repo: jenkins-x-chartmuseum http://jenkins-x-chartmuseum:8080
WARNING: No secrets found on "helm/repos" due: reading the secret "helm/repos" from vault: no secret "helm/repos" not found in vault
Read credentials for http://jenkins-x-chartmuseum:8080 from vault helm/repos
Successfully added Helm repository jenkins-x-chartmuseum.
WARNING: No $CHART_REPOSITORY defined so using the default value of: http://jenkins-x-chartmuseum:8080
Adding missing Helm repo: chartmuseum.jenkins-x.io http://chartmuseum.jenkins-x.io
WARNING: No secrets found on "helm/repos" due: reading the secret "helm/repos" from vault: no secret "helm/repos" not found in vault
Read credentials for http://chartmuseum.jenkins-x.io from vault helm/repos
Successfully added Helm repository chartmuseum.jenkins-x.io.
