
Showing logs for build [32mcb-kubecd-environment-pr-206-37-2k76d-1[0m stage [32mfrom-build-pack[0m and container [32mstep-credential-initializer-zv6q7[0m
{"level":"info","ts":1587547150.3758125,"logger":"fallback-logger","caller":"logging/config.go:69","msg":"Fetch GitHub commit ID from kodata failed: open /var/run/ko/refs/heads/0.8.0-ns-support: no such file or directory"}
{"level":"info","ts":1587547150.3768184,"logger":"fallback-logger","caller":"creds-init/main.go:40","msg":"Credentials initialized."}

Showing logs for build [32mcb-kubecd-environment-pr-206-37-2k76d-1[0m stage [32mfrom-build-pack[0m and container [32mstep-working-dir-initializer-ksk8z[0m
{"level":"info","ts":1587547151.3405235,"logger":"fallback-logger","caller":"logging/config.go:69","msg":"Fetch GitHub commit ID from kodata failed: open /var/run/ko/HEAD: no such file or directory"}
{"level":"info","ts":1587547151.359161,"logger":"fallback-logger","caller":"bash/main.go:64","msg":"Successfully executed command \"sh -c mkdir -p /workspace/source\"; output "}

Showing logs for build [32mcb-kubecd-environment-pr-206-37-2k76d-1[0m stage [32mfrom-build-pack[0m and container [32mstep-place-tools[0m

Showing logs for build [32mcb-kubecd-environment-pr-206-37-2k76d-1[0m stage [32mfrom-build-pack[0m and container [32mstep-git-source-cb-kubecd-environment-pr-206-37-2k76d-l4dzr[0m
{"level":"info","ts":1587547184.0245743,"logger":"fallback-logger","caller":"logging/config.go:69","msg":"Fetch GitHub commit ID from kodata failed: open /var/run/ko/refs/heads/0.8.0-ns-support: no such file or directory"}
{"level":"info","ts":1587547185.1420531,"logger":"fallback-logger","caller":"git/git.go:103","msg":"Successfully cloned https://github.com/cb-kubecd/environment-pr-206-37-boot-gke-staging.git @ master in path /workspace/source"}

Showing logs for build [32mcb-kubecd-environment-pr-206-37-2k76d-1[0m stage [32mfrom-build-pack[0m and container [32mstep-git-merge[0m
Using SHAs from PULL_REFS=master:8597401b4cc03f7a8a354336a5fbccc8cff14bc9,4:64d364b81392a23a697a2da8e84d1b1e2086821b
DEBUG: LC_ALL=C JX_LOG_LEVEL=error git fetch origin --unshallow 64d364b81392a23a697a2da8e84d1b1e2086821b: 8597401b4cc03f7a8a354336a5fbccc8cff14bc9:
DEBUG: ran git fetch --unshallow origin 64d364b81392a23a697a2da8e84d1b1e2086821b: 8597401b4cc03f7a8a354336a5fbccc8cff14bc9: in 
DEBUG: JX_LOG_LEVEL=error LC_ALL=C git branch
DEBUG: LC_ALL=C JX_LOG_LEVEL=error git checkout master
DEBUG: ran git checkout master in 
DEBUG: LC_ALL=C JX_LOG_LEVEL=error git reset --hard 8597401b4cc03f7a8a354336a5fbccc8cff14bc9
DEBUG: ran git reset --hard 8597401b4cc03f7a8a354336a5fbccc8cff14bc9 in 
DEBUG: LC_ALL=C JX_LOG_LEVEL=error git clean -fd .
DEBUG: ran clean --force -d . in 
DEBUG: JX_LOG_LEVEL=error LC_ALL=C git merge 64d364b81392a23a697a2da8e84d1b1e2086821b
DEBUG: ran git merge 64d364b81392a23a697a2da8e84d1b1e2086821b in 
DEBUG: JX_LOG_LEVEL=error LC_ALL=C git log --format=%H%x1f%an%x1f%ae%x1f%cn%x1f%ce%x1f%s%n%b%x1e 8597401b4cc03f7a8a354336a5fbccc8cff14bc9..HEAD
Merged SHA 64d364b81392a23a697a2da8e84d1b1e2086821b with commit message 'chore: Promote bdd-gh-1587545302 to version 0.0.1' into base branch master

Showing logs for build [32mcb-kubecd-environment-pr-206-37-2k76d-1[0m stage [32mfrom-build-pack[0m and container [32mstep-build-helm-build[0m
WARNING: No $CHART_REPOSITORY defined so using the default value of: http://jenkins-x-chartmuseum:8080
Adding missing Helm repo: storage.googleapis.com https://storage.googleapis.com/chartmuseum.jenkins-x.io
WARNING: No secrets found on "helm/repos" due: reading the secret "helm/repos" from vault: no secret "helm/repos" not found in vault
Read credentials for https://storage.googleapis.com/chartmuseum.jenkins-x.io from vault helm/repos
Successfully added Helm repository storage.googleapis.com.
Adding missing Helm repo: jenkins-x-chartmuseum http://jenkins-x-chartmuseum:8080
WARNING: No secrets found on "helm/repos" due: reading the secret "helm/repos" from vault: no secret "helm/repos" not found in vault
Read credentials for http://jenkins-x-chartmuseum:8080 from vault helm/repos
Successfully added Helm repository jenkins-x-chartmuseum.
WARNING: No $CHART_REPOSITORY defined so using the default value of: http://jenkins-x-chartmuseum:8080
Adding missing Helm repo: chartmuseum.jenkins-x.io http://chartmuseum.jenkins-x.io
WARNING: No secrets found on "helm/repos" due: reading the secret "helm/repos" from vault: no secret "helm/repos" not found in vault
Read credentials for http://chartmuseum.jenkins-x.io from vault helm/repos
Successfully added Helm repository chartmuseum.jenkins-x.io.
