
Showing logs for build [32mcb-kubecd-environment-pr-206-37-zhqs4-1[0m stage [32mfrom-build-pack[0m and container [32mstep-credential-initializer-qktgp[0m
{"level":"info","ts":1587544495.6842835,"logger":"fallback-logger","caller":"logging/config.go:69","msg":"Fetch GitHub commit ID from kodata failed: open /var/run/ko/refs/heads/0.8.0-ns-support: no such file or directory"}
{"level":"info","ts":1587544495.6869843,"logger":"fallback-logger","caller":"creds-init/main.go:40","msg":"Credentials initialized."}

Showing logs for build [32mcb-kubecd-environment-pr-206-37-zhqs4-1[0m stage [32mfrom-build-pack[0m and container [32mstep-working-dir-initializer-fhx6h[0m
{"level":"info","ts":1587544496.7706065,"logger":"fallback-logger","caller":"logging/config.go:69","msg":"Fetch GitHub commit ID from kodata failed: open /var/run/ko/HEAD: no such file or directory"}
{"level":"info","ts":1587544496.7773886,"logger":"fallback-logger","caller":"bash/main.go:64","msg":"Successfully executed command \"sh -c mkdir -p /workspace/source\"; output "}

Showing logs for build [32mcb-kubecd-environment-pr-206-37-zhqs4-1[0m stage [32mfrom-build-pack[0m and container [32mstep-place-tools[0m

Showing logs for build [32mcb-kubecd-environment-pr-206-37-zhqs4-1[0m stage [32mfrom-build-pack[0m and container [32mstep-git-source-cb-kubecd-environment-pr-206-37-zhqs4-5kf5r[0m
{"level":"info","ts":1587544501.7261102,"logger":"fallback-logger","caller":"logging/config.go:69","msg":"Fetch GitHub commit ID from kodata failed: open /var/run/ko/refs/heads/0.8.0-ns-support: no such file or directory"}
{"level":"info","ts":1587544502.9179838,"logger":"fallback-logger","caller":"git/git.go:103","msg":"Successfully cloned https://github.com/cb-kubecd/environment-pr-206-37-boot-gke-staging.git @ master in path /workspace/source"}

Showing logs for build [32mcb-kubecd-environment-pr-206-37-zhqs4-1[0m stage [32mfrom-build-pack[0m and container [32mstep-git-merge[0m
Using SHAs from PULL_REFS=master:cad9837cb9ce2ba8288ba600d3a659f8da126fef,1:aef3d36add517560891da6d01753f55f023e8d43
DEBUG: LC_ALL=C JX_LOG_LEVEL=error git fetch origin --unshallow aef3d36add517560891da6d01753f55f023e8d43: cad9837cb9ce2ba8288ba600d3a659f8da126fef:
DEBUG: ran git fetch --unshallow origin aef3d36add517560891da6d01753f55f023e8d43: cad9837cb9ce2ba8288ba600d3a659f8da126fef: in 
DEBUG: LC_ALL=C JX_LOG_LEVEL=error git branch
DEBUG: LC_ALL=C JX_LOG_LEVEL=error git checkout master
DEBUG: ran git checkout master in 
DEBUG: LC_ALL=C JX_LOG_LEVEL=error git reset --hard cad9837cb9ce2ba8288ba600d3a659f8da126fef
DEBUG: ran git reset --hard cad9837cb9ce2ba8288ba600d3a659f8da126fef in 
DEBUG: LC_ALL=C JX_LOG_LEVEL=error git clean -fd .
DEBUG: ran clean --force -d . in 
DEBUG: LC_ALL=C JX_LOG_LEVEL=error git merge aef3d36add517560891da6d01753f55f023e8d43
DEBUG: ran git merge aef3d36add517560891da6d01753f55f023e8d43 in 
DEBUG: JX_LOG_LEVEL=error LC_ALL=C git log --format=%H%x1f%an%x1f%ae%x1f%cn%x1f%ce%x1f%s%n%b%x1e cad9837cb9ce2ba8288ba600d3a659f8da126fef..HEAD
Merged SHA aef3d36add517560891da6d01753f55f023e8d43 with commit message 'chore: Promote bdd-spring-1587544087 to version 0.0.1' into base branch master

Showing logs for build [32mcb-kubecd-environment-pr-206-37-zhqs4-1[0m stage [32mfrom-build-pack[0m and container [32mstep-build-helm-build[0m
WARNING: No $CHART_REPOSITORY defined so using the default value of: http://jenkins-x-chartmuseum:8080
Adding missing Helm repo: storage.googleapis.com https://storage.googleapis.com/chartmuseum.jenkins-x.io
WARNING: No secrets found on "helm/repos" due: reading the secret "helm/repos" from vault: no secret "helm/repos" not found in vault
Read credentials for https://storage.googleapis.com/chartmuseum.jenkins-x.io from vault helm/repos
Successfully added Helm repository storage.googleapis.com.
Adding missing Helm repo: jenkins-x-chartmuseum http://jenkins-x-chartmuseum:8080
WARNING: No secrets found on "helm/repos" due: reading the secret "helm/repos" from vault: no secret "helm/repos" not found in vault
Read credentials for http://jenkins-x-chartmuseum:8080 from vault helm/repos
Successfully added Helm repository jenkins-x-chartmuseum.
WARNING: No $CHART_REPOSITORY defined so using the default value of: http://jenkins-x-chartmuseum:8080
Adding missing Helm repo: chartmuseum.jenkins-x.io http://chartmuseum.jenkins-x.io
WARNING: No secrets found on "helm/repos" due: reading the secret "helm/repos" from vault: no secret "helm/repos" not found in vault
Read credentials for http://chartmuseum.jenkins-x.io from vault helm/repos
Successfully added Helm repository chartmuseum.jenkins-x.io.
